# JRE version: OpenJDK Runtime Environment (17.0.10) (build 17.0.10+0--11572160)
# Java VM: OpenJDK 64-Bit Server VM (17.0.10+0--11572160, mixed mode, tiered, compressed oops, compressed class ptrs, g1 gc, windows-amd64)
GC Precious Log:
 CPUs: 16 total, 16 available
 Memory: 7812M
 Large Page Support: Disabled
 NUMA Support: Disabled
 Compressed Oops: Enabled (32-bit)
 Heap Region Size: 1M
 Heap Min Capacity: 8M
 Heap Initial Capacity: 124M
 Heap Max Capacity: 2G
 Pre-touch: Disabled
 Parallel Workers: 13
 Concurrent Workers: 3
 Concurrent Refinement Workers: 13
 Periodic GC: Disabled
Heap:
 garbage-first heap   total 154624K, used 106514K [0x0000000080000000, 0x0000000100000000)
  region size 1024K, 26 young (26624K), 1 survivors (1024K)
 Metaspace       used 82091K, committed 82752K, reserved 557056K
  class space    used 11428K, committed 11712K, reserved 425984K
GC Heap History (20 events):
Event: 19.018 GC heap before
{Heap before GC invocations=22 (full 0):
 garbage-first heap   total 86016K, used 77861K [0x0000000080000000, 0x0000000100000000)
  region size 1024K, 23 young (23552K), 1 survivors (1024K)
 Metaspace       used 62592K, committed 63232K, reserved 491520K
  class space    used 8527K, committed 8768K, reserved 425984K
}
Event: 19.019 GC heap after
{Heap after GC invocations=23 (full 0):
 garbage-first heap   total 86016K, used 58485K [0x0000000080000000, 0x0000000100000000)
  region size 1024K, 3 young (3072K), 3 survivors (3072K)
 Metaspace       used 62592K, committed 63232K, reserved 491520K
  class space    used 8527K, committed 8768K, reserved 425984K
}
Event: 19.034 GC heap before
{Heap before GC invocations=23 (full 0):
 garbage-first heap   total 86016K, used 59509K [0x0000000080000000, 0x0000000100000000)
  region size 1024K, 4 young (4096K), 3 survivors (3072K)
 Metaspace       used 62675K, committed 63360K, reserved 491520K
  class space    used 8542K, committed 8832K, reserved 425984K
}
Event: 19.037 GC heap after
{Heap after GC invocations=24 (full 0):
 garbage-first heap   total 86016K, used 57818K [0x0000000080000000, 0x0000000100000000)
  region size 1024K, 1 young (1024K), 1 survivors (1024K)
 Metaspace       used 62675K, committed 63360K, reserved 491520K
  class space    used 8542K, committed 8832K, reserved 425984K
}
Event: 19.487 GC heap before
{Heap before GC invocations=24 (full 0):
 garbage-first heap   total 86016K, used 70106K [0x0000000080000000, 0x0000000100000000)
  region size 1024K, 13 young (13312K), 1 survivors (1024K)
 Metaspace       used 63571K, committed 64192K, reserved 491520K
  class space    used 8677K, committed 8960K, reserved 425984K
}
Event: 19.488 GC heap after
{Heap after GC invocations=25 (full 0):
 garbage-first heap   total 86016K, used 58200K [0x0000000080000000, 0x0000000100000000)
  region size 1024K, 1 young (1024K), 1 survivors (1024K)
 Metaspace       used 63571K, committed 64192K, reserved 491520K
  class space    used 8677K, committed 8960K, reserved 425984K
}
Event: 19.799 GC heap before
{Heap before GC invocations=26 (full 0):
 garbage-first heap   total 101376K, used 70488K [0x0000000080000000, 0x0000000100000000)
  region size 1024K, 13 young (13312K), 1 survivors (1024K)
 Metaspace       used 64984K, committed 65600K, reserved 491520K
  class space    used 8882K, committed 9152K, reserved 425984K
}
Event: 19.802 GC heap after
{Heap after GC invocations=27 (full 0):
 garbage-first heap   total 154624K, used 58500K [0x0000000080000000, 0x0000000100000000)
  region size 1024K, 1 young (1024K), 1 survivors (1024K)
 Metaspace       used 64984K, committed 65600K, reserved 491520K
  class space    used 8882K, committed 9152K, reserved 425984K
}
Event: 19.964 GC heap before
{Heap before GC invocations=27 (full 0):
 garbage-first heap   total 154624K, used 64644K [0x0000000080000000, 0x0000000100000000)
  region size 1024K, 7 young (7168K), 1 survivors (1024K)
 Metaspace       used 65785K, committed 66432K, reserved 491520K
  class space    used 8984K, committed 9280K, reserved 425984K
}
Event: 19.967 GC heap after
{Heap after GC invocations=28 (full 0):
 garbage-first heap   total 154624K, used 58121K [0x0000000080000000, 0x0000000100000000)
  region size 1024K, 1 young (1024K), 1 survivors (1024K)
 Metaspace       used 65785K, committed 66432K, reserved 491520K
  class space    used 8984K, committed 9280K, reserved 425984K
}
Event: 21.852 GC heap before
{Heap before GC invocations=28 (full 0):
 garbage-first heap   total 154624K, used 123657K [0x0000000080000000, 0x0000000100000000)
  region size 1024K, 65 young (66560K), 1 survivors (1024K)
 Metaspace       used 71669K, committed 72320K, reserved 491520K
  class space    used 9878K, committed 10176K, reserved 425984K
}
Event: 21.855 GC heap after
{Heap after GC invocations=29 (full 0):
 garbage-first heap   total 154624K, used 61242K [0x0000000080000000, 0x0000000100000000)
  region size 1024K, 4 young (4096K), 4 survivors (4096K)
 Metaspace       used 71669K, committed 72320K, reserved 491520K
  class space    used 9878K, committed 10176K, reserved 425984K
}
Event: 23.743 GC heap before
{Heap before GC invocations=29 (full 0):
 garbage-first heap   total 154624K, used 123706K [0x0000000080000000, 0x0000000100000000)
  region size 1024K, 65 young (66560K), 4 survivors (4096K)
 Metaspace       used 75007K, committed 75712K, reserved 491520K
  class space    used 10357K, committed 10688K, reserved 425984K
}
Event: 23.749 GC heap after
{Heap after GC invocations=30 (full 0):
 garbage-first heap   total 154624K, used 66759K [0x0000000080000000, 0x0000000100000000)
  region size 1024K, 9 young (9216K), 9 survivors (9216K)
 Metaspace       used 75007K, committed 75712K, reserved 491520K
  class space    used 10357K, committed 10688K, reserved 425984K
}
Event: 29.032 GC heap before
{Heap before GC invocations=30 (full 0):
 garbage-first heap   total 154624K, used 124103K [0x0000000080000000, 0x0000000100000000)
  region size 1024K, 65 young (66560K), 9 survivors (9216K)
 Metaspace       used 78709K, committed 79360K, reserved 557056K
  class space    used 10901K, committed 11200K, reserved 425984K
}
Event: 29.083 GC heap after
{Heap after GC invocations=31 (full 0):
 garbage-first heap   total 154624K, used 71938K [0x0000000080000000, 0x0000000100000000)
  region size 1024K, 6 young (6144K), 6 survivors (6144K)
 Metaspace       used 78709K, committed 79360K, reserved 557056K
  class space    used 10901K, committed 11200K, reserved 425984K
}
Event: 31.189 GC heap before
{Heap before GC invocations=31 (full 0):
 garbage-first heap   total 154624K, used 123138K [0x0000000080000000, 0x0000000100000000)
  region size 1024K, 57 young (58368K), 6 survivors (6144K)
 Metaspace       used 80393K, committed 81088K, reserved 557056K
  class space    used 11206K, committed 11520K, reserved 425984K
}
Event: 31.203 GC heap after
{Heap after GC invocations=32 (full 0):
 garbage-first heap   total 154624K, used 76220K [0x0000000080000000, 0x0000000100000000)
  region size 1024K, 5 young (5120K), 5 survivors (5120K)
 Metaspace       used 80393K, committed 81088K, reserved 557056K
  class space    used 11206K, committed 11520K, reserved 425984K
}
Event: 31.774 GC heap before
{Heap before GC invocations=32 (full 0):
 garbage-first heap   total 154624K, used 80316K [0x0000000080000000, 0x0000000100000000)
  region size 1024K, 10 young (10240K), 5 survivors (5120K)
 Metaspace       used 80444K, committed 81152K, reserved 557056K
  class space    used 11213K, committed 11520K, reserved 425984K
}
Event: 31.782 GC heap after
{Heap after GC invocations=33 (full 0):
 garbage-first heap   total 154624K, used 76818K [0x0000000080000000, 0x0000000100000000)
  region size 1024K, 1 young (1024K), 1 survivors (1024K)
 Metaspace       used 80444K, committed 81152K, reserved 557056K
  class space    used 11213K, committed 11520K, reserved 425984K
}

